<?xml version="1.0" encoding="UTF-8"?>
<beans xmlns="http://www.springframework.org/schema/beans"
	xmlns:xsi="http://www.w3.org/2001/XMLSchema-instance"
	xmlns:aop="http://www.springframework.org/schema/aop"
	xsi:schemaLocation="http://www.springframework.org/schema/aop http://www.springframework.org/schema/aop/spring-aop-3.0.xsd
		http://www.springframework.org/schema/beans http://www.springframework.org/schema/beans/spring-beans-3.0.xsd">	
	
	<!-- other iframe beans to be imported -->	
	
    <!-- application specific beans -->
    
    <!-- customer -->
    <!-- 
    <bean id="customerAction" class="com.ncs.iframe4.sample.action.CustomerAction">
         <property name="customerService" ref="customerService"/>
         <property name="codeLookupService" ref="codeLookupService"/>
    </bean>
	 -->
	 
    <bean id="customer" class="com.ncs.iframe4.sample.to.Customer" scope="request"/>

    <bean id="customerDAO"  class="com.ncs.iframe4.sample.dao.CustomerDAOImpl">
        <constructor-arg ref="sessionFactory"/>
    </bean>

    <bean id="customerService" class="com.ncs.iframe4.sample.service.CustomerServiceImpl">
        <property name="customerDAO" ref="customerDAO" />
    </bean>


	<!-- fileupload -->
    <bean id="uploadAction" class="com.ncs.iframe4.sample.action.RegisterUploadAction" scope="request"/>

	
</beans>
